# started: Mon Nov 21 13:30:45 2022
# groups: 2
#   0
#     xlabel: "angle", ylabel: "", yscales: "linear"
#     names: "sin(x) + i sin(x**2), cos(x)"
#     plot_kwargs: "{}, {}"
#   1
#     xlabel: "", ylabel: "a function", yscales: "log"
#     names: "exp(x)"
#     plot_kwargs: "{}"
0: 0.0: 0.000e+00+0.000e+00j
1: 0.0: 1.000e+00
2: 0: 1.000e+00
0: 0.06314759102693052: 6.311e-02+3.988e-03j
1: 0.06314759102693052: 9.980e-01
2: 1: 1.065e+00
0: 0.12629518205386103: 1.260e-01+1.595e-02j
1: 0.12629518205386103: 9.920e-01
2: 2: 1.135e+00
0: 0.18944277308079155: 1.883e-01+3.588e-02j
1: 0.18944277308079155: 9.821e-01
2: 3: 1.209e+00
0: 0.25259036410772207: 2.499e-01+6.376e-02j
1: 0.25259036410772207: 9.683e-01
2: 4: 1.287e+00
0: 0.3157379551346526: 3.105e-01+9.953e-02j
1: 0.3157379551346526: 9.506e-01
2: 5: 1.371e+00
0: 0.3788855461615831: 3.699e-01+1.431e-01j
1: 0.3788855461615831: 9.291e-01
2: 6: 1.461e+00
0: 0.4420331371885136: 4.278e-01+1.942e-01j
1: 0.4420331371885136: 9.039e-01
2: 7: 1.556e+00
0: 0.5051807282154441: 4.840e-01+2.524e-01j
1: 0.5051807282154441: 8.751e-01
2: 8: 1.657e+00
0: 0.5683283192423747: 5.382e-01+3.174e-01j
1: 0.5683283192423747: 8.428e-01
2: 9: 1.765e+00
0: 0.6314759102693052: 5.903e-01+3.883e-01j
1: 0.6314759102693052: 8.072e-01
2: 10: 1.880e+00
0: 0.6946235012962356: 6.401e-01+4.640e-01j
1: 0.6946235012962356: 7.683e-01
2: 11: 2.003e+00
0: 0.7577710923231662: 6.873e-01+5.432e-01j
1: 0.7577710923231662: 7.264e-01
2: 12: 2.134e+00
0: 0.8209186833500968: 7.318e-01+6.240e-01j
1: 0.8209186833500968: 6.815e-01
2: 13: 2.273e+00
0: 0.8840662743770272: 7.733e-01+7.044e-01j
1: 0.8840662743770272: 6.340e-01
2: 14: 2.421e+00
0: 0.9472138654039577: 8.118e-01+7.816e-01j
1: 0.9472138654039577: 5.839e-01
2: 15: 2.579e+00
0: 1.0103614564308883: 8.470e-01+8.525e-01j
1: 1.0103614564308883: 5.316e-01
2: 16: 2.747e+00
0: 1.0735090474578188: 8.789e-01+9.138e-01j
1: 1.0735090474578188: 4.770e-01
2: 17: 2.926e+00
0: 1.1366566384847494: 9.072e-01+9.614e-01j
1: 1.1366566384847494: 4.206e-01
2: 18: 3.116e+00
0: 1.1998042295116798: 9.320e-01+9.914e-01j
1: 1.1998042295116798: 3.625e-01
2: 19: 3.319e+00
0: 1.2629518205386103: 9.530e-01+9.997e-01j
1: 1.2629518205386103: 3.030e-01
2: 20: 3.536e+00
0: 1.326099411565541: 9.702e-01+9.824e-01j
1: 1.326099411565541: 2.423e-01
2: 21: 3.766e+00
0: 1.3892470025924712: 9.836e-01+9.362e-01j
1: 1.3892470025924712: 1.806e-01
2: 22: 4.012e+00
0: 1.4523945936194018: 9.930e-01+8.584e-01j
1: 1.4523945936194018: 1.181e-01
2: 23: 4.273e+00
0: 1.5155421846463324: 9.985e-01+7.478e-01j
1: 1.5155421846463324: 5.523e-02
2: 24: 4.552e+00
0: 1.578689775673263: 1.000e+00+6.047e-01j
1: 1.578689775673263: -7.893e-03
2: 25: 4.849e+00
0: 1.6418373667001935: 9.975e-01+4.313e-01j
1: 1.6418373667001935: -7.098e-02
2: 26: 5.165e+00
0: 1.7049849577271239: 9.910e-01+2.325e-01j
1: 1.7049849577271239: -1.338e-01
2: 27: 5.501e+00
0: 1.7681325487540545: 9.806e-01+1.530e-02j
1: 1.7681325487540545: -1.961e-01
2: 28: 5.860e+00
0: 1.831280139780985: 9.663e-01-2.104e-01j
1: 1.831280139780985: -2.575e-01
2: 29: 6.242e+00
0: 1.8944277308079154: 9.481e-01-4.325e-01j
1: 1.8944277308079154: -3.180e-01
2: 30: 6.649e+00
0: 1.957575321834846: 9.261e-01-6.369e-01j
1: 1.957575321834846: -3.772e-01
2: 31: 7.082e+00
0: 2.0207229128617765: 9.005e-01-8.086e-01j
1: 2.0207229128617765: -4.349e-01
2: 32: 7.544e+00
0: 2.083870503888707: 8.712e-01-9.324e-01j
1: 2.083870503888707: -4.909e-01
2: 33: 8.036e+00
0: 2.1470180949156377: 8.385e-01-9.947e-01j
1: 2.1470180949156377: -5.449e-01
2: 34: 8.559e+00
0: 2.210165685942568: 8.025e-01-9.852e-01j
1: 2.210165685942568: -5.967e-01
2: 35: 9.117e+00
0: 2.273313276969499: 7.632e-01-8.980e-01j
1: 2.273313276969499: -6.461e-01
2: 36: 9.712e+00
0: 2.336460867996429: 7.209e-01-7.340e-01j
1: 2.336460867996429: -6.930e-01
2: 37: 1.034e+01
0: 2.3996084590233595: 6.758e-01-5.013e-01j
1: 2.3996084590233595: -7.371e-01
2: 38: 1.102e+01
0: 2.4627560500502903: 6.279e-01-2.163e-01j
1: 2.4627560500502903: -7.783e-01
2: 39: 1.174e+01
0: 2.5259036410772207: 5.775e-01+9.685e-02j
1: 2.5259036410772207: -8.164e-01
2: 40: 1.250e+01
0: 2.589051232104151: 5.249e-01+4.078e-01j
1: 2.589051232104151: -8.512e-01
2: 41: 1.332e+01
0: 2.652198823131082: 4.701e-01+6.824e-01j
1: 2.652198823131082: -8.826e-01
2: 42: 1.419e+01
0: 2.715346414158012: 4.135e-01+8.866e-01j
1: 2.715346414158012: -9.105e-01
2: 43: 1.511e+01
0: 2.7784940051849425: 3.552e-01+9.910e-01j
1: 2.7784940051849425: -9.348e-01
2: 44: 1.609e+01
0: 2.8416415962118733: 2.955e-01+9.757e-01j
1: 2.8416415962118733: -9.554e-01
2: 45: 1.714e+01
0: 2.9047891872388036: 2.346e-01+8.344e-01j
1: 2.9047891872388036: -9.721e-01
2: 46: 1.826e+01
0: 2.9679367782657344: 1.728e-01+5.779e-01j
1: 2.9679367782657344: -9.850e-01
2: 47: 1.945e+01
0: 3.031084369292665: 1.103e-01+2.351e-01j
1: 3.031084369292665: -9.939e-01
2: 48: 2.072e+01
0: 3.094231960319595: 4.734e-02-1.489e-01j
1: 3.094231960319595: -9.989e-01
2: 49: 2.207e+01
0: 3.157379551346526: -1.579e-02-5.178e-01j
1: 3.157379551346526: -9.999e-01
2: 50: 2.351e+01
0: 3.2205271423734563: -7.885e-02-8.117e-01j
1: 3.2205271423734563: -9.969e-01
2: 51: 2.504e+01
0: 3.283674733400387: -1.416e-01-9.774e-01j
1: 3.283674733400387: -9.899e-01
2: 52: 2.667e+01
0: 3.3468223244273174: -2.038e-01-9.789e-01j
1: 3.3468223244273174: -9.790e-01
2: 53: 2.841e+01
0: 3.4099699154542478: -2.652e-01-8.067e-01j
1: 3.4099699154542478: -9.642e-01
2: 54: 3.026e+01
0: 3.4731175064811786: -3.255e-01-4.828e-01j
1: 3.4731175064811786: -9.455e-01
2: 55: 3.224e+01
0: 3.536265097508109: -3.845e-01-6.116e-02j
1: 3.536265097508109: -9.231e-01
2: 56: 3.434e+01
0: 3.5994126885350393: -4.420e-01+3.796e-01j
1: 3.5994126885350393: -8.970e-01
2: 57: 3.658e+01
0: 3.66256027956197: -4.977e-01+7.499e-01j
1: 3.66256027956197: -8.673e-01
2: 58: 3.896e+01
0: 3.7257078705889004: -5.515e-01+9.673e-01j
1: 3.7257078705889004: -8.342e-01
2: 59: 4.150e+01
0: 3.7888554616158308: -6.030e-01+9.763e-01j
1: 3.7888554616158308: -7.977e-01
2: 60: 4.421e+01
0: 3.8520030526427615: -6.521e-01+7.644e-01j
1: 3.8520030526427615: -7.581e-01
2: 61: 4.709e+01
0: 3.915150643669692: -6.987e-01+3.705e-01j
1: 3.915150643669692: -7.154e-01
2: 62: 5.016e+01
0: 3.9782982346966227: -7.424e-01-1.186e-01j
1: 3.9782982346966227: -6.699e-01
2: 63: 5.343e+01
0: 4.041445825723553: -7.832e-01-5.854e-01j
1: 4.041445825723553: -6.217e-01
2: 64: 5.691e+01
0: 4.104593416750483: -8.209e-01-9.085e-01j
1: 4.104593416750483: -5.711e-01
2: 65: 6.062e+01
0: 4.167741007777414: -8.553e-01-9.958e-01j
1: 4.167741007777414: -5.181e-01
2: 66: 6.457e+01
0: 4.230888598804345: -8.863e-01-8.129e-01j
1: 4.230888598804345: -4.631e-01
2: 67: 6.878e+01
0: 4.294036189831275: -9.138e-01-3.994e-01j
1: 4.294036189831275: -4.063e-01
2: 68: 7.326e+01
0: 4.357183780858206: -9.376e-01+1.351e-01j
1: 4.357183780858206: -3.478e-01
2: 69: 7.804e+01
0: 4.420331371885136: -9.577e-01+6.364e-01j
1: 4.420331371885136: -2.879e-01
2: 70: 8.312e+01
0: 4.483478962912066: -9.739e-01+9.496e-01j
1: 4.483478962912066: -2.269e-01
2: 71: 8.854e+01
0: 4.546626553938998: -9.863e-01+9.685e-01j
1: 4.546626553938998: -1.650e-01
2: 72: 9.431e+01
0: 4.609774144965928: -9.947e-01+6.751e-01j
1: 4.609774144965928: -1.024e-01
2: 73: 1.005e+02
0: 4.672921735992858: -9.992e-01+1.543e-01j
1: 4.672921735992858: -3.946e-02
2: 74: 1.070e+02
0: 4.736069327019789: -9.997e-01-4.252e-01j
1: 4.736069327019789: 2.368e-02
2: 75: 1.140e+02
0: 4.799216918046719: -9.962e-01-8.631e-01j
1: 4.799216918046719: 8.672e-02
2: 76: 1.214e+02
0: 4.862364509073649: -9.888e-01-9.968e-01j
1: 4.862364509073649: 1.494e-01
2: 77: 1.293e+02
0: 4.925512100100581: -9.774e-01-7.657e-01j
1: 4.925512100100581: 2.115e-01
2: 78: 1.378e+02
0: 4.988659691127511: -9.621e-01-2.435e-01j
1: 4.988659691127511: 2.728e-01
2: 79: 1.467e+02
0: 5.051807282154441: -9.429e-01+3.784e-01j
1: 5.051807282154441: 3.329e-01
2: 80: 1.563e+02
0: 5.114954873181372: -9.201e-01+8.573e-01j
1: 5.114954873181372: 3.918e-01
2: 81: 1.665e+02
0: 5.178102464208302: -8.935e-01+9.940e-01j
1: 5.178102464208302: 4.491e-01
2: 82: 1.773e+02
0: 5.241250055235233: -8.634e-01+7.199e-01j
1: 5.241250055235233: 5.046e-01
2: 83: 1.889e+02
0: 5.304397646262164: -8.298e-01+1.373e-01j
1: 5.304397646262164: 5.580e-01
2: 84: 2.012e+02
0: 5.367545237289094: -7.930e-01-5.109e-01j
1: 5.367545237289094: 6.093e-01
2: 85: 2.143e+02
0: 5.430692828316024: -7.529e-01-9.384e-01j
1: 5.430692828316024: 6.581e-01
2: 86: 2.283e+02
0: 5.493840419342955: -7.099e-01-9.437e-01j
1: 5.493840419342955: 7.043e-01
2: 87: 2.432e+02
0: 5.556988010369885: -6.640e-01-5.105e-01j
1: 5.556988010369885: 7.477e-01
2: 88: 2.590e+02
0: 5.620135601396816: -6.155e-01+1.692e-01j
1: 5.620135601396816: 7.881e-01
2: 89: 2.759e+02
0: 5.683283192423747: -5.646e-01+7.731e-01j
1: 5.683283192423747: 8.254e-01
2: 90: 2.939e+02
0: 5.746430783450677: -5.113e-01+9.994e-01j
1: 5.746430783450677: 8.594e-01
2: 91: 3.131e+02
0: 5.809578374477607: -4.561e-01+7.217e-01j
1: 5.809578374477607: 8.899e-01
2: 92: 3.335e+02
0: 5.872725965504538: -3.990e-01+6.856e-02j
1: 5.872725965504538: 9.169e-01
2: 93: 3.552e+02
0: 5.935873556531469: -3.404e-01-6.265e-01j
1: 5.935873556531469: 9.403e-01
2: 94: 3.784e+02
0: 5.999021147558399: -2.804e-01-9.902e-01j
1: 5.999021147558399: 9.599e-01
2: 95: 4.030e+02
0: 6.06216873858533: -2.192e-01-8.130e-01j
1: 6.06216873858533: 9.757e-01
2: 96: 4.293e+02
0: 6.12531632961226: -1.572e-01-1.786e-01j
1: 6.12531632961226: 9.876e-01
2: 97: 4.573e+02
0: 6.18846392063919: -9.458e-02+5.630e-01j
1: 6.18846392063919: 9.955e-01
2: 98: 4.871e+02
0: 6.2516115116661215: -3.157e-02+9.825e-01j
1: 6.2516115116661215: 9.995e-01
2: 99: 5.188e+02
0: -----
1: -----
2: -----
0: 6.377906693719982: 9.458e-02+1.623e-01j
1: 6.377906693719982: 9.955e-01
2: 100: 5.887e+02
3: 6.377906693719982: +40.6777
0: 6.4410542847469126: 1.572e-01-6.024e-01j
1: 6.4410542847469126: 9.876e-01
2: 101: 6.271e+02
3: 6.4410542847469126: +41.4872
0: 6.504201875773843: 2.192e-01-9.943e-01j
1: 6.504201875773843: 9.757e-01
2: 102: 6.679e+02
3: 6.504201875773843: +42.3046
0: 6.567349466800774: 2.804e-01-7.527e-01j
1: 6.567349466800774: 9.599e-01
2: 103: 7.115e+02
3: 6.567349466800774: +43.1301
0: 6.6304970578277045: 3.404e-01-1.880e-02j
1: 6.6304970578277045: 9.403e-01
2: 104: 7.579e+02
3: 6.6304970578277045: +43.9635
0: 6.693644648854635: 3.990e-01+7.329e-01j
1: 6.693644648854635: 9.169e-01
2: 105: 8.073e+02
3: 6.693644648854635: +44.8049
0: 6.756792239881565: 4.561e-01+9.949e-01j
1: 6.756792239881565: 8.899e-01
2: 106: 8.599e+02
3: 6.756792239881565: +45.6542
0: 6.8199398309084955: 5.113e-01+5.748e-01j
1: 6.8199398309084955: 8.594e-01
2: 107: 9.159e+02
3: 6.8199398309084955: +46.5116
0: 6.883087421935426: 5.646e-01-2.503e-01j
1: 6.883087421935426: 8.254e-01
2: 108: 9.756e+02
3: 6.883087421935426: +47.3769
0: 6.946235012962357: 6.155e-01-9.028e-01j
1: 6.946235012962357: 7.881e-01
2: 109: 1.039e+03
3: 6.946235012962357: +48.2502
0: 7.0093826039892875: 6.640e-01-9.061e-01j
1: 7.0093826039892875: 7.477e-01
2: 110: 1.107e+03
3: 7.0093826039892875: +49.1314
0: 7.072530195016218: 7.099e-01-2.424e-01j
1: 7.072530195016218: 7.043e-01
2: 111: 1.179e+03
3: 7.072530195016218: +50.0207
0: 7.135677786043148: 7.529e-01+6.071e-01j
1: 7.135677786043148: 6.581e-01
2: 112: 1.256e+03
3: 7.135677786043148: +50.9179
0: 7.1988253770700785: 7.930e-01+9.999e-01j
1: 7.1988253770700785: 6.093e-01
2: 113: 1.338e+03
3: 7.1988253770700785: +51.8231
0: 7.26197296809701: 8.298e-01+6.216e-01j
1: 7.26197296809701: 5.580e-01
2: 114: 1.425e+03
3: 7.26197296809701: +52.7363
0: 7.32512055912394: 8.634e-01-2.477e-01j
1: 7.32512055912394: 5.046e-01
2: 115: 1.518e+03
3: 7.32512055912394: +53.6574
0: 7.3882681501508705: 8.935e-01-9.244e-01j
1: 7.3882681501508705: 4.491e-01
2: 116: 1.617e+03
3: 7.3882681501508705: +54.5865
0: 7.451415741177801: 9.201e-01-8.548e-01j
1: 7.451415741177801: 3.918e-01
2: 117: 1.722e+03
3: 7.451415741177801: +55.5236
0: 7.514563332204731: 9.429e-01-7.992e-02j
1: 7.514563332204731: 3.329e-01
2: 118: 1.835e+03
3: 7.514563332204731: +56.4687
3: -----
0: 7.5777109232316615: 9.621e-01+7.663e-01j
1: 7.5777109232316615: 2.728e-01
2: 119: 1.954e+03
3: 7.5777109232316615: +57.4217
0: 7.640858514258593: 9.774e-01+9.655e-01j
1: 7.640858514258593: 2.115e-01
2: 120: 2.082e+03
3: 7.640858514258593: +58.3827
0: 7.704006105285523: 9.888e-01+3.321e-01j
1: 7.704006105285523: 1.494e-01
2: 121: 2.217e+03
3: 7.704006105285523: +59.3517
0: 7.7671536963124534: 9.962e-01-5.959e-01j
1: 7.7671536963124534: 8.672e-02
2: 122: 2.362e+03
3: 7.7671536963124534: +60.3287
0: 7.830301287339384: 9.997e-01-9.986e-01j
1: 7.830301287339384: 2.368e-02
2: 123: 2.516e+03
3: 7.830301287339384: +61.3136
0: 7.893448878366314: 9.992e-01-5.015e-01j
1: 7.893448878366314: -3.946e-02
2: 124: 2.680e+03
3: 7.893448878366314: +62.3065
0: 7.956596469393245: 9.947e-01+4.578e-01j
1: 7.956596469393245: -1.024e-01
2: 125: 2.854e+03
3: 7.956596469393245: +63.3074
0: 8.019744060420175: 9.863e-01+9.963e-01j
1: 8.019744060420175: -1.650e-01
2: 126: 3.040e+03
3: 8.019744060420175: +64.3163
0: 8.082891651447106: 9.739e-01+5.974e-01j
1: 8.082891651447106: -2.269e-01
2: 127: 3.239e+03
3: 8.082891651447106: +65.3331
0: 8.146039242474037: 9.577e-01-3.751e-01j
1: 8.146039242474037: -2.879e-01
2: 128: 3.450e+03
3: 8.146039242474037: +66.358
0: 8.209186833500967: 9.376e-01-9.882e-01j
1: 8.209186833500967: -3.478e-01
2: 129: 3.675e+03
3: 8.209186833500967: +67.3907
0: 8.272334424527898: 9.138e-01-6.315e-01j
1: 8.272334424527898: -4.063e-01
2: 130: 3.914e+03
3: 8.272334424527898: +68.4315
0: 8.335482015554827: 8.863e-01+3.572e-01j
1: 8.335482015554827: -4.631e-01
2: 131: 4.169e+03
3: 8.335482015554827: +69.4803
0: 8.398629606581759: 8.553e-01+9.889e-01j
1: 8.398629606581759: -5.181e-01
2: 132: 4.441e+03
3: 8.398629606581759: +70.537
0: 8.46177719760869: 8.209e-01+6.091e-01j
1: 8.46177719760869: -5.711e-01
2: 133: 4.730e+03
3: 8.46177719760869: +71.6017
0: 8.52492478863562: 7.832e-01-4.057e-01j
1: 8.52492478863562: -6.217e-01
2: 134: 5.039e+03
3: 8.52492478863562: +72.6743
0: 8.58807237966255: 7.424e-01-9.974e-01j
1: 8.58807237966255: -6.699e-01
2: 135: 5.367e+03
3: 8.58807237966255: +73.755
0: 8.65121997068948: 6.987e-01-5.266e-01j
1: 8.65121997068948: -7.154e-01
2: 136: 5.717e+03
3: 8.65121997068948: +74.8436
0: 8.714367561716411: 6.521e-01+5.158e-01j
1: 8.714367561716411: -7.581e-01
2: 137: 6.090e+03
3: 8.714367561716411: +75.9402
0: 8.777515152743343: 6.030e-01+9.971e-01j
1: 8.777515152743343: -7.977e-01
2: 138: 6.487e+03
3: 8.777515152743343: +77.0448
0: 8.840662743770272: 5.515e-01+3.732e-01j
1: 8.840662743770272: -8.342e-01
2: 139: 6.910e+03
3: 8.840662743770272: +78.1573
0: 8.903810334797203: 4.977e-01-6.728e-01j
1: 8.903810334797203: -8.673e-01
2: 140: 7.360e+03
3: 8.903810334797203: +79.2778
0: 8.966957925824133: 4.420e-01-9.566e-01j
1: 8.966957925824133: -8.970e-01
2: 141: 7.840e+03
3: 8.966957925824133: +80.4063
0: 9.030105516851064: 3.845e-01-1.382e-01j
1: 9.030105516851064: -9.231e-01
2: 142: 8.351e+03
3: 9.030105516851064: +81.5428
0: 9.093253107877995: 3.255e-01+8.446e-01j
1: 9.093253107877995: -9.455e-01
2: 143: 8.895e+03
3: 9.093253107877995: +82.6873
0: 9.156400698904925: 2.652e-01+8.323e-01j
1: 9.156400698904925: -9.642e-01
2: 144: 9.475e+03
3: 9.156400698904925: +83.8397
0: 9.219548289931856: 2.038e-01-1.761e-01j
1: 9.219548289931856: -9.790e-01
2: 145: 1.009e+04
3: 9.219548289931856: +85.0001
0: 9.282695880958785: 1.416e-01-9.747e-01j
1: 9.282695880958785: -9.899e-01
2: 146: 1.075e+04
3: 9.282695880958785: +86.1684
0: 9.345843471985717: 7.885e-02-5.809e-01j
1: 9.345843471985717: -9.969e-01
2: 147: 1.145e+04
3: 9.345843471985717: +87.3448
0: 9.408991063012646: 1.579e-02+5.350e-01j
1: 9.408991063012646: -9.999e-01
2: 148: 1.220e+04
3: 9.408991063012646: +88.5291
3: -----
0: 9.472138654039577: -4.734e-02+9.827e-01j
1: 9.472138654039577: -9.989e-01
2: 149: 1.299e+04
3: 9.472138654039577: +89.7214
0: 9.535286245066509: -1.103e-01+1.835e-01j
1: 9.535286245066509: -9.939e-01
2: 150: 1.384e+04
3: 9.535286245066509: +90.9217
0: 9.598433836093438: -1.728e-01-8.541e-01j
1: 9.598433836093438: -9.850e-01
2: 151: 1.474e+04
3: 9.598433836093438: +92.1299
0: 9.66158142712037: -2.346e-01-7.843e-01j
1: 9.66158142712037: -9.721e-01
2: 152: 1.570e+04
3: 9.66158142712037: +93.3462
0: 9.724729018147299: -2.955e-01+3.170e-01j
1: 9.724729018147299: -9.554e-01
2: 153: 1.673e+04
3: 9.724729018147299: +94.5704
0: 9.78787660917423: -3.552e-01+9.999e-01j
1: 9.78787660917423: -9.348e-01
2: 154: 1.782e+04
3: 9.78787660917423: +95.8025
0: 9.851024200201161: -4.135e-01+3.398e-01j
1: 9.851024200201161: -9.105e-01
2: 155: 1.898e+04
3: 9.851024200201161: +97.0427
0: 9.91417179122809: -4.701e-01-7.842e-01j
1: 9.91417179122809: -8.826e-01
2: 156: 2.021e+04
3: 9.91417179122809: +98.2908
0: 9.977319382255022: -5.249e-01-8.328e-01j
1: 9.977319382255022: -8.512e-01
2: 157: 2.153e+04
3: 9.977319382255022: +99.5469
0: 10.040466973281951: -5.775e-01+2.764e-01j
1: 10.040466973281951: -8.164e-01
2: 158: 2.294e+04
3: 10.040466973281951: +100.811
0: 10.103614564308883: -6.279e-01+9.998e-01j
1: 10.103614564308883: -7.783e-01
2: 159: 2.443e+04
3: 10.103614564308883: +102.083
0: 10.166762155335814: -6.758e-01+3.046e-01j
1: 10.166762155335814: -7.371e-01
2: 160: 2.602e+04
3: 10.166762155335814: +103.363
0: 10.229909746362743: -7.209e-01-8.297e-01j
1: 10.229909746362743: -6.930e-01
2: 161: 2.772e+04
3: 10.229909746362743: +104.651
0: 10.293057337389675: -7.632e-01-7.625e-01j
1: 10.293057337389675: -6.461e-01
2: 162: 2.953e+04
3: 10.293057337389675: +105.947
0: 10.356204928416604: -8.025e-01+4.231e-01j
1: 10.356204928416604: -5.967e-01
2: 163: 3.145e+04
3: 10.356204928416604: +107.251
0: 10.419352519443535: -8.385e-01+9.842e-01j
1: 10.419352519443535: -5.449e-01
2: 164: 3.350e+04
3: 10.419352519443535: +108.563
0: 10.482500110470466: -8.712e-01+7.287e-02j
1: 10.482500110470466: -4.909e-01
2: 165: 3.569e+04
3: 10.482500110470466: +109.883
0: 10.545647701497396: -9.005e-01-9.505e-01j
1: 10.545647701497396: -4.349e-01
2: 166: 3.801e+04
3: 10.545647701497396: +111.211
0: 10.608795292524327: -9.261e-01-5.234e-01j
1: 10.608795292524327: -3.772e-01
2: 167: 4.049e+04
3: 10.608795292524327: +112.547
0: 10.671942883551257: -9.481e-01+7.125e-01j
1: 10.671942883551257: -3.180e-01
2: 168: 4.313e+04
3: 10.671942883551257: +113.89
0: 10.735090474578188: -9.663e-01+8.397e-01j
1: 10.735090474578188: -2.575e-01
2: 169: 4.594e+04
3: 10.735090474578188: +115.242
0: 10.79823806560512: -9.806e-01-3.551e-01j
1: 10.79823806560512: -1.961e-01
2: 170: 4.893e+04
3: 10.79823806560512: +116.602
0: 10.861385656632049: -9.910e-01-9.872e-01j
1: 10.861385656632049: -1.338e-01
2: 171: 5.212e+04
3: 10.861385656632049: +117.97
0: 10.92453324765898: -9.975e-01-3.509e-02j
1: 10.92453324765898: -7.098e-02
2: 172: 5.552e+04
3: 10.92453324765898: +119.345
0: 10.98768083868591: -1.000e+00+9.754e-01j
1: 10.98768083868591: -7.893e-03
2: 173: 5.914e+04
3: 10.98768083868591: +120.729
0: 11.05082842971284: -9.985e-01+3.906e-01j
1: 11.05082842971284: 5.523e-02
2: 174: 6.300e+04
3: 11.05082842971284: +122.121
0: 11.11397602073977: -9.930e-01-8.406e-01j
1: 11.11397602073977: 1.181e-01
2: 175: 6.710e+04
3: 11.11397602073977: +123.52
0: 11.177123611766701: -9.836e-01-6.710e-01j
1: 11.177123611766701: 1.806e-01
2: 176: 7.148e+04
3: 11.177123611766701: +124.928
0: 11.240271202793632: -9.702e-01+6.288e-01j
1: 11.240271202793632: 2.423e-01
2: 177: 7.614e+04
3: 11.240271202793632: +126.344
0: 11.303418793820562: -9.530e-01+8.614e-01j
1: 11.303418793820562: 3.030e-01
2: 178: 8.110e+04
3: 11.303418793820562: +127.767
0: 11.366566384847493: -9.320e-01-3.835e-01j
1: 11.366566384847493: 3.625e-01
2: 179: 8.638e+04
3: 11.366566384847493: +129.199
0: 11.429713975874423: -9.072e-01-9.658e-01j
1: 11.429713975874423: 4.206e-01
2: 180: 9.202e+04
3: 11.429713975874423: +130.638
0: 11.492861566901354: -8.789e-01+1.385e-01j
1: 11.492861566901354: 4.770e-01
2: 181: 9.801e+04
3: 11.492861566901354: +132.086
0: 11.556009157928285: -8.470e-01+9.997e-01j
1: 11.556009157928285: 5.316e-01
2: 182: 1.044e+05
3: 11.556009157928285: +133.541
0: 11.619156748955215: -8.118e-01+8.358e-02j
1: 11.619156748955215: 5.839e-01
2: 183: 1.112e+05
3: 11.619156748955215: +135.005
0: 11.682304339982146: -7.733e-01-9.833e-01j
1: 11.682304339982146: 6.340e-01
2: 184: 1.185e+05
3: 11.682304339982146: +136.476
0: 11.745451931009075: -7.318e-01-2.710e-01j
1: 11.745451931009075: 6.815e-01
2: 185: 1.262e+05
3: 11.745451931009075: +137.956
0: 11.808599522036006: -6.873e-01+9.367e-01j
1: 11.808599522036006: 7.264e-01
2: 186: 1.344e+05
3: 11.808599522036006: +139.443
0: 11.871747113062938: -6.401e-01+4.199e-01j
1: 11.871747113062938: 7.683e-01
2: 187: 1.432e+05
3: 11.871747113062938: +140.938
0: 11.934894704089867: -5.903e-01-8.772e-01j
1: 11.934894704089867: 8.072e-01
2: 188: 1.525e+05
3: 11.934894704089867: +142.442
0: 11.998042295116798: -5.382e-01-5.314e-01j
1: 11.998042295116798: 8.428e-01
2: 189: 1.624e+05
3: 11.998042295116798: +143.953
0: 12.061189886143728: -4.840e-01+8.186e-01j
1: 12.061189886143728: 8.751e-01
2: 190: 1.730e+05
3: 12.061189886143728: +145.472
0: 12.12433747717066: -4.278e-01+6.094e-01j
1: 12.12433747717066: 9.039e-01
2: 191: 1.843e+05
3: 12.12433747717066: +147
0: 12.18748506819759: -3.699e-01-7.707e-01j
1: 12.18748506819759: 9.291e-01
2: 192: 1.963e+05
3: 12.18748506819759: +148.535
0: 12.25063265922452: -3.105e-01-6.582e-01j
1: 12.25063265922452: 9.506e-01
2: 193: 2.091e+05
3: 12.25063265922452: +150.078
0: 12.313780250251451: -2.499e-01+7.398e-01j
1: 12.313780250251451: 9.683e-01
2: 194: 2.227e+05
3: 12.313780250251451: +151.629
0: 12.37692784127838: -1.883e-01+6.814e-01j
1: 12.37692784127838: 9.821e-01
2: 195: 2.373e+05
3: 12.37692784127838: +153.188
0: 12.440075432305312: -1.260e-01-7.294e-01j
1: 12.440075432305312: 9.920e-01
2: 196: 2.527e+05
3: 12.440075432305312: +154.755
0: 12.503223023332243: -6.311e-02-6.809e-01j
1: 12.503223023332243: 9.980e-01
2: 197: 2.692e+05
3: 12.503223023332243: +156.331
0: 12.566370614359172: -4.899e-16+7.407e-01j
1: 12.566370614359172: 1.000e+00
2: 198: 2.868e+05
3: 12.566370614359172: +157.914
# ended: Mon Nov 21 13:30:52 2022
