# started: Mon Nov 21 13:30:45 2022
# groups: 1
#   0
#     xlabel: "x", ylabel: "a cubic function", yscales: "linear"
#     names: "x^3"
#     plot_kwargs: "{}"
0: 0.0: 0.00000e+00
0: 0.06314759102693052: 2.51808e-04
0: 0.12629518205386103: 2.01447e-03
0: 0.18944277308079155: 6.79883e-03
0: 0.25259036410772207: 1.61157e-02
0: 0.3157379551346526: 3.14761e-02
0: 0.3788855461615831: 5.43906e-02
0: 0.4420331371885136: 8.63703e-02
0: 0.5051807282154441: 1.28926e-01
0: 0.5683283192423747: 1.83568e-01
0: 0.6314759102693052: 2.51808e-01
0: 0.6946235012962356: 3.35157e-01
0: 0.7577710923231662: 4.35125e-01
0: 0.8209186833500968: 5.53223e-01
0: 0.8840662743770272: 6.90962e-01
0: 0.9472138654039577: 8.49854e-01
0: 1.0103614564308883: 1.03141e+00
0: 1.0735090474578188: 1.23714e+00
0: 1.1366566384847494: 1.46855e+00
0: 1.1998042295116798: 1.72715e+00
0: 1.2629518205386103: 2.01447e+00
0: 1.326099411565541: 2.33200e+00
0: 1.3892470025924712: 2.68126e+00
0: 1.4523945936194018: 3.06375e+00
0: 1.5155421846463324: 3.48100e+00
0: 1.578689775673263: 3.93451e+00
0: 1.6418373667001935: 4.42579e+00
0: 1.7049849577271239: 4.95635e+00
0: 1.7681325487540545: 5.52770e+00
0: 1.831280139780985: 6.14136e+00
0: 1.8944277308079154: 6.79883e+00
0: 1.957575321834846: 7.50163e+00
0: 2.0207229128617765: 8.25126e+00
0: 2.083870503888707: 9.04924e+00
0: 2.1470180949156377: 9.89708e+00
0: 2.210165685942568: 1.07963e+01
0: 2.273313276969499: 1.17484e+01
0: 2.336460867996429: 1.27549e+01
0: 2.3996084590233595: 1.38172e+01
0: 2.4627560500502903: 1.49370e+01
0: 2.5259036410772207: 1.61157e+01
0: 2.589051232104151: 1.73549e+01
0: 2.652198823131082: 1.86560e+01
0: 2.715346414158012: 2.00205e+01
0: 2.7784940051849425: 2.14501e+01
0: 2.8416415962118733: 2.29460e+01
0: 2.9047891872388036: 2.45100e+01
0: 2.9679367782657344: 2.61435e+01
0: 3.031084369292665: 2.78480e+01
0: 3.094231960319595: 2.96250e+01
0: 3.157379551346526: 3.14761e+01
0: 3.2205271423734563: 3.34026e+01
0: 3.283674733400387: 3.54063e+01
0: 3.3468223244273174: 3.74885e+01
0: 3.4099699154542478: 3.96508e+01
0: 3.4731175064811786: 4.18946e+01
0: 3.536265097508109: 4.42216e+01
0: 3.5994126885350393: 4.66332e+01
0: 3.66256027956197: 4.91309e+01
0: 3.7257078705889004: 5.17162e+01
0: 3.7888554616158308: 5.43906e+01
0: 3.8520030526427615: 5.71557e+01
0: 3.915150643669692: 6.00130e+01
0: 3.9782982346966227: 6.29640e+01
0: 4.041445825723553: 6.60101e+01
0: 4.104593416750483: 6.91529e+01
0: 4.167741007777414: 7.23939e+01
0: 4.230888598804345: 7.57347e+01
0: 4.294036189831275: 7.91766e+01
0: 4.357183780858206: 8.27214e+01
0: 4.420331371885136: 8.63703e+01
0: 4.483478962912066: 9.01250e+01
0: 4.546626553938998: 9.39870e+01
0: 4.609774144965928: 9.79578e+01
0: 4.672921735992858: 1.02039e+02
0: 4.736069327019789: 1.06232e+02
0: 4.799216918046719: 1.10538e+02
0: 4.862364509073649: 1.14959e+02
0: 4.925512100100581: 1.19496e+02
0: 4.988659691127511: 1.24151e+02
0: 5.051807282154441: 1.28926e+02
0: 5.114954873181372: 1.33821e+02
0: 5.178102464208302: 1.38839e+02
0: 5.241250055235233: 1.43981e+02
0: 5.304397646262164: 1.49248e+02
0: 5.367545237289094: 1.54642e+02
0: 5.430692828316024: 1.60164e+02
0: 5.493840419342955: 1.65817e+02
0: 5.556988010369885: 1.71600e+02
0: 5.620135601396816: 1.77517e+02
0: 5.683283192423747: 1.83568e+02
0: 5.746430783450677: 1.89756e+02
0: 5.809578374477607: 1.96080e+02
0: 5.872725965504538: 2.02544e+02
0: 5.935873556531469: 2.09148e+02
0: 5.999021147558399: 2.15894e+02
0: 6.06216873858533: 2.22784e+02
0: 6.12531632961226: 2.29819e+02
0: 6.18846392063919: 2.37000e+02
0: 6.2516115116661215: 2.44330e+02
0: 6.314759102693052: 2.51808e+02
0: 6.377906693719982: 2.59439e+02
0: 6.4410542847469126: 2.67221e+02
0: 6.504201875773843: 2.75158e+02
0: 6.567349466800774: 2.83250e+02
0: 6.6304970578277045: 2.91500e+02
0: 6.693644648854635: 2.99908e+02
0: 6.756792239881565: 3.08476e+02
0: 6.8199398309084955: 3.17206e+02
0: 6.883087421935426: 3.26099e+02
0: 6.946235012962357: 3.35157e+02
0: 7.0093826039892875: 3.44381e+02
0: 7.072530195016218: 3.53773e+02
0: 7.135677786043148: 3.63334e+02
0: 7.1988253770700785: 3.73065e+02
0: 7.26197296809701: 3.82969e+02
0: 7.32512055912394: 3.93047e+02
0: 7.3882681501508705: 4.03300e+02
0: 7.451415741177801: 4.13729e+02
0: 7.514563332204731: 4.24337e+02
0: 7.5777109232316615: 4.35125e+02
0: 7.640858514258593: 4.46094e+02
0: 7.704006105285523: 4.57246e+02
0: 7.7671536963124534: 4.68582e+02
0: 7.830301287339384: 4.80104e+02
0: 7.893448878366314: 4.91813e+02
0: 7.956596469393245: 5.03712e+02
0: 8.019744060420175: 5.15800e+02
0: 8.082891651447106: 5.28081e+02
0: 8.146039242474037: 5.40555e+02
0: 8.209186833500967: 5.53223e+02
0: 8.272334424527898: 5.66088e+02
0: 8.335482015554827: 5.79151e+02
0: 8.398629606581759: 5.92414e+02
0: 8.46177719760869: 6.05877e+02
0: 8.52492478863562: 6.19543e+02
0: 8.58807237966255: 6.33413e+02
0: 8.65121997068948: 6.47489e+02
0: 8.714367561716411: 6.61771e+02
0: 8.777515152743343: 6.76262e+02
0: 8.840662743770272: 6.90962e+02
0: 8.903810334797203: 7.05875e+02
0: 8.966957925824133: 7.21000e+02
0: 9.030105516851064: 7.36340e+02
0: 9.093253107877995: 7.51896e+02
0: 9.156400698904925: 7.67670e+02
0: 9.219548289931856: 7.83662e+02
0: 9.282695880958785: 7.99875e+02
0: 9.345843471985717: 8.16311e+02
0: 9.408991063012646: 8.32970e+02
0: 9.472138654039577: 8.49854e+02
0: 9.535286245066509: 8.66964e+02
0: 9.598433836093438: 8.84303e+02
0: 9.66158142712037: 9.01871e+02
0: 9.724729018147299: 9.19671e+02
0: 9.78787660917423: 9.37703e+02
0: 9.851024200201161: 9.55970e+02
0: 9.91417179122809: 9.74472e+02
0: 9.977319382255022: 9.93211e+02
0: 10.040466973281951: 1.01219e+03
0: 10.103614564308883: 1.03141e+03
0: 10.166762155335814: 1.05087e+03
0: 10.229909746362743: 1.07057e+03
0: 10.293057337389675: 1.09052e+03
0: 10.356204928416604: 1.11071e+03
0: 10.419352519443535: 1.13116e+03
0: 10.482500110470466: 1.15185e+03
0: 10.545647701497396: 1.17279e+03
0: 10.608795292524327: 1.19398e+03
0: 10.671942883551257: 1.21543e+03
0: 10.735090474578188: 1.23714e+03
0: 10.79823806560512: 1.25910e+03
0: 10.861385656632049: 1.28131e+03
0: 10.92453324765898: 1.30379e+03
0: 10.98768083868591: 1.32653e+03
0: 11.05082842971284: 1.34954e+03
0: 11.11397602073977: 1.37280e+03
0: 11.177123611766701: 1.39634e+03
0: 11.240271202793632: 1.42014e+03
0: 11.303418793820562: 1.44421e+03
0: 11.366566384847493: 1.46855e+03
0: 11.429713975874423: 1.49316e+03
0: 11.492861566901354: 1.51804e+03
0: 11.556009157928285: 1.54321e+03
0: 11.619156748955215: 1.56864e+03
0: 11.682304339982146: 1.59436e+03
0: 11.745451931009075: 1.62035e+03
0: 11.808599522036006: 1.64663e+03
0: 11.871747113062938: 1.67318e+03
0: 11.934894704089867: 1.70003e+03
0: 11.998042295116798: 1.72715e+03
0: 12.061189886143728: 1.75457e+03
0: 12.12433747717066: 1.78227e+03
0: 12.18748506819759: 1.81027e+03
0: 12.25063265922452: 1.83855e+03
0: 12.313780250251451: 1.86713e+03
0: 12.37692784127838: 1.89600e+03
0: 12.440075432305312: 1.92517e+03
0: 12.503223023332243: 1.95464e+03
0: 12.566370614359172: 1.98440e+03
# ended: Mon Nov 21 13:30:53 2022
