CPU:CPU Core #1:Load:12,01923
CPU:CPU Core #2:Load:11,05769
CPU:CPU Core #3:Load:12,57001
CPU:CPU Core #4:Load:10,15683
CPU:CPU Total:Load:11,45094
CPU:CPU Core #1:Temperature:38
CPU:CPU Core #2:Temperature:29
CPU:CPU Core #3:Temperature:29
CPU:CPU Core #4:Temperature:30
CPU:CPU Package:Temperature:38
CPU:CPU Core #1:Clock:4295,351
CPU:CPU Core #2:Clock:4295,351
CPU:CPU Core #3:Clock:2097,729
CPU:CPU Core #4:Clock:2097,729
CPU:CPU Package:Power:4,212554
CPU:CPU Cores:Power:3,561466
CPU:CPU Graphics:Power:0,01114671
CPU:CPU DRAM:Power:0,4310435
CPU:Bus Speed:Clock:99,89188
HDD:Temperature:Temperature:38
HDD:Used Space:Load:4,921345
RAM:Memory:Load:52,37927
RAM:Used Memory:Data:4,000721
RAM:Available Memory:Data:3,637264
